#! /c/Source/iverilog-install/bin/vvp
:ivl_version "12.0 (devel)" "(s20150603-1539-g2693dd32b)";
:ivl_delay_selection "TYPICAL";
:vpi_time_precision + 0;
:vpi_module "C:\iverilog\lib\ivl\system.vpi";
:vpi_module "C:\iverilog\lib\ivl\vhdl_sys.vpi";
:vpi_module "C:\iverilog\lib\ivl\vhdl_textio.vpi";
:vpi_module "C:\iverilog\lib\ivl\v2005_math.vpi";
:vpi_module "C:\iverilog\lib\ivl\va_math.vpi";
S_00000171c7526dd0 .scope module, "adder" "adder" 2 1;
 .timescale 0 0;
    .port_info 0 /INPUT 1 "a";
    .port_info 1 /INPUT 1 "b";
    .port_info 2 /OUTPUT 1 "sum";
o00000171c7526f68 .functor BUFZ 1, C4<z>; HiZ drive
v00000171c74f2e50_0 .net "a", 0 0, o00000171c7526f68;  0 drivers
o00000171c7526f98 .functor BUFZ 1, C4<z>; HiZ drive
v00000171c74f3300_0 .net "b", 0 0, o00000171c7526f98;  0 drivers
v00000171c7520860_0 .var "sum", 0 0;
E_00000171c7524a30 .event anyedge, v00000171c74f2e50_0, v00000171c74f3300_0;
    .scope S_00000171c7526dd0;
T_0 ;
    %wait E_00000171c7524a30;
    %load/vec4 v00000171c74f2e50_0;
    %load/vec4 v00000171c74f3300_0;
    %add;
    %store/vec4 v00000171c7520860_0, 0, 1;
    %jmp T_0;
    .thread T_0, $push;
# The file index is used to find the file name in the following table.
:file_names 3;
    "N/A";
    "<interactive>";
    "dash.sv";
